<?xml version="1.0" encoding="UTF-8"?>
<!-- Generated by org.testng.reporters.JUnitXMLReporter -->
<testsuite ignored="0" hostname="DESKTOP-ERE5TM4" failures="0" tests="3" name="Default test" time="4.043" errors="0" timestamp="2024-03-26T02:51:22 EET">
  <testcase classname="HomePage.HomePageTestCases" name="CheckTheContactNumber" time="0.065"/>
  <testcase classname="HomePage.HomePageTestCases" name="CheckTheDefaultCurrency" time="0.051"/>
  <testcase classname="HomePage.HomePageTestCases" name="CheckTheDefaultLanguageIsEnglish" time="0.038"/>
</testsuite> <!-- Default test -->
