<?xml version="1.0" encoding="UTF-8"?>
<testng-results ignored="0" total="3" passed="3" failed="0" skipped="0">
  <reporter-output>
  </reporter-output>
  <suite started-at="2024-03-26T02:51:18 EET" name="Default suite" finished-at="2024-03-26T02:51:22 EET" duration-ms="4043">
    <groups>
    </groups>
    <test started-at="2024-03-26T02:51:18 EET" name="Default test" finished-at="2024-03-26T02:51:22 EET" duration-ms="4043">
      <class name="HomePage.HomePageTestCases">
        <test-method is-config="true" signature="Setup()[pri:0, instance:HomePage.HomePageTestCases@6ff65192]" started-at="2024-03-26T02:51:18 EET" name="Setup" finished-at="2024-03-26T02:51:22 EET" duration-ms="3823" status="PASS">
          <reporter-output>
          </reporter-output>
        </test-method> <!-- Setup -->
        <test-method signature="CheckTheContactNumber()[pri:0, instance:HomePage.HomePageTestCases@6ff65192]" started-at="2024-03-26T02:51:22 EET" name="CheckTheContactNumber" finished-at="2024-03-26T02:51:22 EET" duration-ms="65" status="PASS">
          <reporter-output>
          </reporter-output>
        </test-method> <!-- CheckTheContactNumber -->
        <test-method signature="CheckTheDefaultCurrency()[pri:0, instance:HomePage.HomePageTestCases@6ff65192]" started-at="2024-03-26T02:51:22 EET" name="CheckTheDefaultCurrency" finished-at="2024-03-26T02:51:22 EET" duration-ms="51" status="PASS">
          <reporter-output>
          </reporter-output>
        </test-method> <!-- CheckTheDefaultCurrency -->
        <test-method signature="CheckTheDefaultLanguageIsEnglish()[pri:0, instance:HomePage.HomePageTestCases@6ff65192]" started-at="2024-03-26T02:51:22 EET" name="CheckTheDefaultLanguageIsEnglish" finished-at="2024-03-26T02:51:22 EET" duration-ms="38" status="PASS">
          <reporter-output>
          </reporter-output>
        </test-method> <!-- CheckTheDefaultLanguageIsEnglish -->
      </class> <!-- HomePage.HomePageTestCases -->
    </test> <!-- Default test -->
  </suite> <!-- Default suite -->
</testng-results>
